[2016-05-01 21:59:45] request.ERROR: Uncaught PHP Exception Symfony\Component\HttpKernel\Exception\NotFoundHttpException: "No route found for "GET /robot.txt"" at C:\xampp\htdocs\todolist\var\cache\prod\classes.php line 2383 {"exception":"[object] (Symfony\\Component\\HttpKernel\\Exception\\NotFoundHttpException(code: 0): No route found for \"GET /robot.txt\" at C:\\xampp\\htdocs\\todolist\\var\\cache\\prod\\classes.php:2383, Symfony\\Component\\Routing\\Exception\\ResourceNotFoundException(code: 0):  at C:\\xampp\\htdocs\\todolist\\var\\cache\\prod\\appProdUrlMatcher.php:52)"} []
[2016-05-01 21:59:50] request.ERROR: Uncaught PHP Exception Symfony\Component\HttpKernel\Exception\NotFoundHttpException: "No route found for "GET /waeq"" at C:\xampp\htdocs\todolist\var\cache\prod\classes.php line 2383 {"exception":"[object] (Symfony\\Component\\HttpKernel\\Exception\\NotFoundHttpException(code: 0): No route found for \"GET /waeq\" at C:\\xampp\\htdocs\\todolist\\var\\cache\\prod\\classes.php:2383, Symfony\\Component\\Routing\\Exception\\ResourceNotFoundException(code: 0):  at C:\\xampp\\htdocs\\todolist\\var\\cache\\prod\\appProdUrlMatcher.php:52)"} []
[2016-05-01 22:00:11] request.ERROR: Uncaught PHP Exception Symfony\Component\HttpKernel\Exception\NotFoundHttpException: "No route found for "GET /login'"" at C:\xampp\htdocs\todolist\var\cache\prod\classes.php line 2383 {"exception":"[object] (Symfony\\Component\\HttpKernel\\Exception\\NotFoundHttpException(code: 0): No route found for \"GET /login'\" at C:\\xampp\\htdocs\\todolist\\var\\cache\\prod\\classes.php:2383, Symfony\\Component\\Routing\\Exception\\ResourceNotFoundException(code: 0):  at C:\\xampp\\htdocs\\todolist\\var\\cache\\prod\\appProdUrlMatcher.php:52)"} []
[2016-05-01 22:16:24] request.INFO: Matched route "login". {"route_parameters":{"_controller":"AppBundle\\Controller\\SecurityController::loginAction","_route":"login"},"request_uri":"http://todolist/login"} []
[2016-05-01 22:16:24] doctrine.DEBUG: SELECT t0.id AS id_1, t0.username AS username_2, t0.password AS password_3, t0.email AS email_4, t0.is_active AS is_active_5 FROM user t0 WHERE t0.username = ? LIMIT 1 ["admin"] []
[2016-05-01 22:16:25] security.INFO: User has been authenticated successfully. {"username":"admin"} []
[2016-05-01 22:16:25] request.CRITICAL: Uncaught PHP Exception Symfony\Component\Routing\Exception\RouteNotFoundException: "Unable to generate a URL for the named route "default_security_target" as such route does not exist." at C:\xampp\htdocs\todolist\var\cache\prod\appProdUrlGenerator.php line 36 {"exception":"[object] (Symfony\\Component\\Routing\\Exception\\RouteNotFoundException(code: 0): Unable to generate a URL for the named route \"default_security_target\" as such route does not exist. at C:\\xampp\\htdocs\\todolist\\var\\cache\\prod\\appProdUrlGenerator.php:36)"} []
[2016-05-01 22:16:25] event.DEBUG: Notified event "kernel.request" to listener "Symfony\Component\EventDispatcher\Debug\WrappedListener::__invoke". [] []
[2016-05-01 22:16:25] event.DEBUG: Notified event "kernel.request" to listener "Symfony\Component\EventDispatcher\Debug\WrappedListener::__invoke". [] []
[2016-05-01 22:16:25] event.DEBUG: Notified event "kernel.request" to listener "Symfony\Component\EventDispatcher\Debug\WrappedListener::__invoke". [] []
[2016-05-01 22:16:25] event.DEBUG: Notified event "kernel.request" to listener "Symfony\Component\EventDispatcher\Debug\WrappedListener::__invoke". [] []
[2016-05-01 22:16:25] event.DEBUG: Notified event "kernel.request" to listener "Symfony\Component\EventDispatcher\Debug\WrappedListener::__invoke". [] []
[2016-05-01 22:16:25] event.DEBUG: Notified event "kernel.request" to listener "Symfony\Component\EventDispatcher\Debug\WrappedListener::__invoke". [] []
[2016-05-01 22:16:25] event.DEBUG: Notified event "kernel.request" to listener "Symfony\Component\EventDispatcher\Debug\WrappedListener::__invoke". [] []
[2016-05-01 22:16:25] event.DEBUG: Notified event "kernel.controller" to listener "Sensio\Bundle\FrameworkExtraBundle\EventListener\ControllerListener::onKernelController". [] []
[2016-05-01 22:16:25] event.DEBUG: Notified event "kernel.controller" to listener "Sensio\Bundle\FrameworkExtraBundle\EventListener\ParamConverterListener::onKernelController". [] []
[2016-05-01 22:16:25] event.DEBUG: Notified event "kernel.controller" to listener "Sensio\Bundle\FrameworkExtraBundle\EventListener\HttpCacheListener::onKernelController". [] []
[2016-05-01 22:16:25] event.DEBUG: Notified event "kernel.controller" to listener "Sensio\Bundle\FrameworkExtraBundle\EventListener\SecurityListener::onKernelController". [] []
[2016-05-01 22:16:25] event.DEBUG: Notified event "kernel.controller" to listener "Sensio\Bundle\FrameworkExtraBundle\EventListener\TemplateListener::onKernelController". [] []
[2016-05-01 22:16:26] event.DEBUG: Notified event "kernel.response" to listener "Symfony\Component\Security\Http\Firewall\ContextListener::onKernelResponse". [] []
[2016-05-01 22:16:26] event.DEBUG: Notified event "kernel.response" to listener "Symfony\Component\HttpKernel\EventListener\ResponseListener::onKernelResponse". [] []
[2016-05-01 22:16:26] event.DEBUG: Notified event "kernel.response" to listener "Symfony\Component\Security\Http\RememberMe\ResponseListener::onKernelResponse". [] []
[2016-05-01 22:16:26] event.DEBUG: Notified event "kernel.response" to listener "Sensio\Bundle\FrameworkExtraBundle\EventListener\HttpCacheListener::onKernelResponse". [] []
[2016-05-01 22:16:26] event.DEBUG: Notified event "kernel.response" to listener "Symfony\Component\HttpKernel\EventListener\SaveSessionListener::onKernelResponse". [] []
[2016-05-01 22:16:26] event.DEBUG: Notified event "kernel.response" to listener "Symfony\Component\HttpKernel\EventListener\StreamedResponseListener::onKernelResponse". [] []
[2016-05-01 22:16:26] event.DEBUG: Notified event "kernel.finish_request" to listener "Symfony\Component\HttpKernel\EventListener\LocaleListener::onKernelFinishRequest". [] []
[2016-05-01 22:16:26] event.DEBUG: Notified event "kernel.finish_request" to listener "Symfony\Component\HttpKernel\EventListener\TranslatorListener::onKernelFinishRequest". [] []
[2016-05-01 22:16:26] event.DEBUG: Notified event "kernel.finish_request" to listener "Symfony\Component\HttpKernel\EventListener\RouterListener::onKernelFinishRequest". [] []
[2016-05-01 22:16:26] event.DEBUG: Notified event "kernel.finish_request" to listener "Symfony\Component\Security\Http\Firewall::onKernelFinishRequest". [] []
[2016-05-01 22:16:26] event.DEBUG: Notified event "kernel.exception" to listener "Symfony\Component\Security\Http\Firewall\ExceptionListener::onKernelException". [] []
[2016-05-01 22:16:26] event.DEBUG: Notified event "kernel.exception" to listener "Symfony\Component\HttpKernel\EventListener\ExceptionListener::onKernelException". [] []
[2016-05-01 22:16:26] event.DEBUG: Listener "Symfony\Component\HttpKernel\EventListener\ExceptionListener::onKernelException" stopped propagation of the event "kernel.exception". [] []
[2016-05-01 22:16:26] security.DEBUG: Stored the security token in the session. {"key":"_security_main"} []
[2016-05-01 22:16:26] event.DEBUG: Notified event "kernel.response" to listener "Symfony\Component\HttpKernel\EventListener\ResponseListener::onKernelResponse". [] []
[2016-05-01 22:16:26] event.DEBUG: Notified event "kernel.response" to listener "Symfony\Component\Security\Http\RememberMe\ResponseListener::onKernelResponse". [] []
[2016-05-01 22:16:26] event.DEBUG: Notified event "kernel.response" to listener "Sensio\Bundle\FrameworkExtraBundle\EventListener\HttpCacheListener::onKernelResponse". [] []
[2016-05-01 22:16:26] event.DEBUG: Notified event "kernel.response" to listener "Symfony\Component\HttpKernel\EventListener\SaveSessionListener::onKernelResponse". [] []
[2016-05-01 22:16:26] event.DEBUG: Notified event "kernel.response" to listener "Symfony\Component\HttpKernel\EventListener\StreamedResponseListener::onKernelResponse". [] []
[2016-05-01 22:16:26] event.DEBUG: Notified event "kernel.finish_request" to listener "Symfony\Component\HttpKernel\EventListener\LocaleListener::onKernelFinishRequest". [] []
[2016-05-01 22:16:26] event.DEBUG: Notified event "kernel.finish_request" to listener "Symfony\Component\HttpKernel\EventListener\TranslatorListener::onKernelFinishRequest". [] []
[2016-05-01 22:16:26] event.DEBUG: Notified event "kernel.finish_request" to listener "Symfony\Component\HttpKernel\EventListener\RouterListener::onKernelFinishRequest". [] []
[2016-05-01 22:16:26] event.DEBUG: Notified event "kernel.finish_request" to listener "Symfony\Component\Security\Http\Firewall::onKernelFinishRequest". [] []
[2016-05-01 22:16:26] event.DEBUG: Notified event "kernel.terminate" to listener "Symfony\Bundle\SwiftmailerBundle\EventListener\EmailSenderListener::onTerminate". [] []
